<?xml version="1.0" encoding="UTF-8"?>
<testng-results ignored="0" total="3" passed="3" failed="0" skipped="0">
  <reporter-output>
  </reporter-output>
  <suite started-at="2026-08-12T15:41:41 IST" name="Default suite" finished-at="2026-08-12T15:41:46 IST" duration-ms="5272">
    <groups>
      <group name="cucumber">
        <method signature="AbstractTestNGCucumberTests.runScenario(io.cucumber.testng.PickleWrapper,io.cucumber.testng.FeatureWrapper)[pri:0, instance:runner.PetRunner@3e694b3f]" name="runScenario" class="io.cucumber.testng.AbstractTestNGCucumberTests"/>
      </group> <!-- cucumber -->
    </groups>
    <test started-at="2026-08-12T15:41:41 IST" name="Default test" finished-at="2026-08-12T15:41:46 IST" duration-ms="5272">
      <class name="runner.PetRunner">
        <test-method is-config="true" signature="setUpClass(org.testng.ITestContext)[pri:0, instance:runner.PetRunner@3e694b3f]" started-at="2026-08-12T15:41:41 IST" name="setUpClass" finished-at="2026-08-12T15:41:41 IST" duration-ms="219" status="PASS">
          <params>
            <param index="0">
              <value>
                <![CDATA[org.testng.TestRunner@6dae70f9]]>
              </value>
            </param>
          </params>
          <reporter-output>
          </reporter-output>
        </test-method> <!-- setUpClass -->
        <test-method signature="runScenario(io.cucumber.testng.PickleWrapper,io.cucumber.testng.FeatureWrapper)[pri:0, instance:runner.PetRunner@3e694b3f]" started-at="2026-08-12T15:41:41 IST" name="runScenario" description="Runs Cucumber Scenarios" data-provider="scenarios" finished-at="2026-08-12T15:41:44 IST" duration-ms="3561" status="PASS">
          <params>
            <param index="0">
              <value>
                <![CDATA["Verify the pet api feature"]]>
              </value>
            </param>
            <param index="1">
              <value>
                <![CDATA["pet api"]]>
              </value>
            </param>
          </params>
          <reporter-output>
          </reporter-output>
        </test-method> <!-- runScenario -->
        <test-method signature="runScenario(io.cucumber.testng.PickleWrapper,io.cucumber.testng.FeatureWrapper)[pri:0, instance:runner.PetRunner@3e694b3f]" started-at="2026-08-12T15:41:44 IST" name="runScenario" description="Runs Cucumber Scenarios" data-provider="scenarios" finished-at="2026-08-12T15:41:45 IST" duration-ms="920" status="PASS">
          <params>
            <param index="0">
              <value>
                <![CDATA["Verify that user can update the and metadata for a pet"]]>
              </value>
            </param>
            <param index="1">
              <value>
                <![CDATA["pet api"]]>
              </value>
            </param>
          </params>
          <reporter-output>
          </reporter-output>
        </test-method> <!-- runScenario -->
        <test-method signature="runScenario(io.cucumber.testng.PickleWrapper,io.cucumber.testng.FeatureWrapper)[pri:0, instance:runner.PetRunner@3e694b3f]" started-at="2026-08-12T15:41:45 IST" name="runScenario" description="Runs Cucumber Scenarios" data-provider="scenarios" finished-at="2026-08-12T15:41:46 IST" duration-ms="530" status="PASS">
          <params>
            <param index="0">
              <value>
                <![CDATA["Verify that the user is able to fetch the pet details"]]>
              </value>
            </param>
            <param index="1">
              <value>
                <![CDATA["pet api"]]>
              </value>
            </param>
          </params>
          <reporter-output>
          </reporter-output>
        </test-method> <!-- runScenario -->
        <test-method is-config="true" signature="tearDownClass()[pri:0, instance:runner.PetRunner@3e694b3f]" started-at="2026-08-12T15:41:46 IST" name="tearDownClass" finished-at="2026-08-12T15:41:46 IST" duration-ms="2" status="PASS">
          <reporter-output>
          </reporter-output>
        </test-method> <!-- tearDownClass -->
      </class> <!-- runner.PetRunner -->
    </test> <!-- Default test -->
  </suite> <!-- Default suite -->
</testng-results>
