<?xml version="1.0" encoding="UTF-8"?>
<!-- Generated by org.testng.reporters.JUnitReportReporter -->
<testsuite hostname="NB011226" failures="0" tests="4" name="runner.UserRunner" time="6.941" errors="0" timestamp="2026-08-11T20:30:05 IST" skipped="0">
  <testcase classname="runner.UserRunner" name="runScenario" time="4.705"/>
  <system-out/>
  <testcase classname="runner.UserRunner" name="runScenario" time="0.597"/>
  <system-out/>
  <testcase classname="runner.UserRunner" name="runScenario" time="0.583"/>
  <system-out/>
  <testcase classname="runner.UserRunner" name="runScenario" time="1.056"/>
  <system-out/>
</testsuite> <!-- runner.UserRunner -->
