<?xml version="1.0" encoding="UTF-8"?>
<!-- Generated by org.testng.reporters.JUnitReportReporter -->
<testsuite hostname="NB011226" failures="0" tests="3" name="runner.PetRunner" time="5.011" errors="0" timestamp="2026-08-12T15:41:46 IST" skipped="0">
  <testcase classname="runner.PetRunner" name="runScenario" time="0.530"/>
  <system-out/>
  <testcase classname="runner.PetRunner" name="runScenario" time="3.561"/>
  <system-out/>
  <testcase classname="runner.PetRunner" name="runScenario" time="0.920"/>
  <system-out/>
</testsuite> <!-- runner.PetRunner -->
