<?xml version="1.0" encoding="UTF-8"?>
<!-- Generated by org.testng.reporters.JUnitReportReporter -->
<testsuite hostname="NB011226" failures="1" tests="1" name="runner.PetRunner" time="9.499" errors="0" timestamp="2026-08-04T18:38:21 IST" skipped="0">
  <testcase classname="runner.PetRunner" name="runScenario" time="9.499">
    <failure message="Response time is too high expected [true] but found [false]" type="java.lang.AssertionError">
      <![CDATA[java.lang.AssertionError: Response time is too high expected [true] but found [false]
at org.testng.Assert.fail(Assert.java:110)
at org.testng.Assert.failNotEquals(Assert.java:1577)
at org.testng.Assert.assertTrue(Assert.java:56)
at steps.PetSteps.he_should_get_status_code_as(PetSteps.java:136)
at ✽.He should get status code as 200(file:///C:/Users/o6193/eclipse-workspace/2026/RestAssuredBDDOwn/src/test/resources/Pet%20Feature/PetAPI.feature:7)
]]>
    </failure>
  </testcase> <!-- runScenario -->
  <system-out/>
</testsuite> <!-- runner.PetRunner -->
